Finished: 2023-05-12T19:58:21Z
Success Count: 80
Attempts: {
  "event_1": 3,
  "event_3": 3,
  "event_2": 2,
  "event_4": 2,
  "event_5": 2,
  "event_6": 2,
  "event_7": 2,
  "event_8": 2,
  "event_9": 2,
  "event_10": 2,
  "event_11": 2,
  "event_12": 2,
  "event_13": 2,
  "event_14": 2,
  "event_15": 2,
  "event_16": 2,
  "event_17": 2,
  "event_18": 2,
  "event_19": 2,
  "event_20": 2,
  "event_21": 2,
  "event_22": 2,
  "event_23": 2,
  "event_24": 2,
  "event_25": 2,
  "event_26": 2,
  "event_27": 2,
  "event_28": 2,
  "event_29": 2,
  "event_30": 2,
  "event_31": 2,
  "event_32": 2,
  "event_33": 2,
  "event_34": 2,
  "event_35": 2,
  "event_36": 2,
  "event_37": 2,
  "event_38": 2,
  "event_39": 2,
  "event_40": 2,
  "event_41": 2,
  "event_42": 2,
  "event_43": 2,
  "event_44": 2,
  "event_45": 2,
  "event_46": 2,
  "event_47": 2,
  "event_48": 2,
  "event_49": 2,
  "event_50": 2,
  "event_51": 2,
  "event_52": 2,
  "event_53": 2,
  "event_54": 2,
  "event_55": 2,
  "event_56": 2,
  "event_57": 2,
  "event_58": 2,
  "event_59": 2,
  "event_60": 2,
  "event_61": 1,
  "event_63": 1,
  "event_64": 1,
  "event_68": 1,
  "event_72": 1,
  "event_73": 1,
  "event_74": 1,
  "event_75": 1,
  "event_78": 1,
  "event_79": 1,
  "event_82": 1,
  "event_83": 1,
  "event_86": 1,
  "event_87": 1,
  "event_91": 1,
  "event_92": 1,
  "event_95": 1,
  "event_96": 1,
  "event_97": 1,
  "event_98": 1,
  "event_99": 1
}